  compilation object save succeeded; see F:\Dev\GitHub\DirectX12Leaning\DirectX12Leaning\x64\Debug\BasicPS.cso
  compilation object save succeeded; see F:\Dev\GitHub\DirectX12Leaning\DirectX12Leaning\x64\Debug\BasicPS3D.cso
  compilation object save succeeded; see F:\Dev\GitHub\DirectX12Leaning\DirectX12Leaning\x64\Debug\BasicVS.cso
  compilation object save succeeded; see F:\Dev\GitHub\DirectX12Leaning\DirectX12Leaning\x64\Debug\BasicVS3D.cso
  compilation object save succeeded; see F:\Dev\GitHub\DirectX12Leaning\DirectX12Leaning\x64\Debug\Graph2DPS.cso
  compilation object save succeeded; see F:\Dev\GitHub\DirectX12Leaning\DirectX12Leaning\x64\Debug\Graph2DVS.cso
  Draw2D.cpp
F:\Dev\GitHub\DirectX12Leaning\DirectX12Leaning\Draw2D.cpp(109,21): warning C4018: '<': signed と unsigned の数値を比較しようとしました。
F:\Dev\GitHub\DirectX12Leaning\DirectX12Leaning\Draw2D.cpp(164,66): warning C4267: '=': 'size_t' から 'UINT' に変換しました。データが失われているかもしれません。
F:\Dev\GitHub\DirectX12Leaning\DirectX12Leaning\Draw2D.cpp(171,20): warning C4018: '<': signed と unsigned の数値を比較しようとしました。
F:\Dev\GitHub\DirectX12Leaning\DirectX12Leaning\Draw2D.cpp(229,62): warning C4267: '=': 'size_t' から 'UINT' に変換しました。データが失われているかもしれません。
  Draw2DGraph.cpp
F:\Dev\GitHub\DirectX12Leaning\DirectX12Leaning\Draw2DGraph.cpp(171,62): warning C4267: '=': 'size_t' から 'UINT' に変換しました。データが失われているかもしれません。
F:\Dev\GitHub\DirectX12Leaning\DirectX12Leaning\Draw2DGraph.cpp(229,62): warning C4267: '=': 'size_t' から 'UINT' に変換しました。データが失われているかもしれません。
  Draw3D.cpp
F:\Dev\GitHub\DirectX12Leaning\DirectX12Leaning\Draw3D.cpp(230,57): warning C4267: '=': 'size_t' から 'UINT' に変換しました。データが失われているかもしれません。
F:\Dev\GitHub\DirectX12Leaning\DirectX12Leaning\Draw3D.cpp(279,62): warning C4267: '=': 'size_t' から 'UINT' に変換しました。データが失われているかもしれません。
  GamePlay.cpp
F:\Dev\GitHub\DirectX12Leaning\DirectX12Leaning\GamePlay.cpp(137,28): warning C4244: '=': 'int' から 'float' への変換です。データが失われる可能性があります。
F:\Dev\GitHub\DirectX12Leaning\DirectX12Leaning\GamePlay.cpp(138,33): warning C4244: '=': 'int' から 'float' への変換です。データが失われる可能性があります。
  コードを生成中...
  DirectX12Leaning.vcxproj -> F:\Dev\GitHub\DirectX12Leaning\DirectX12Leaning\x64\Debug\DirectX12Leaning.exe
