  DirectXTexUtil.cpp
  BC.cpp
  BC4BC5.cpp
  BC6HBC7.cpp
  BCDirectCompute.cpp
  DirectXTexCompress.cpp
  DirectXTexCompressGPU.cpp
  DirectXTexConvert.cpp
  DirectXTexD3D11.cpp
F:\Dev\GitHub\DirectX12Leaning\DirectX12Leaning\DirectXTex\DirectXTexD3D11.cpp(1,1): warning C4821: Unicode エンコードの種類を指定できません。シグネチャ (BOM) つきファイルを保存してください。
  DirectXTexD3D12.cpp
  DirectXTexDDS.cpp
  DirectXTexFlipRotate.cpp
  DirectXTexHDR.cpp
  DirectXTexImage.cpp
  DirectXTexMipMaps.cpp
  DirectXTexMisc.cpp
  DirectXTexNormalMaps.cpp
  DirectXTexPMAlpha.cpp
  DirectXTexResize.cpp
  DirectXTexTGA.cpp
  DirectXTexWIC.cpp
  コードを生成中...
  DirectXTex_Desktop_2019_Win10.vcxproj -> F:\Dev\GitHub\DirectX12Leaning\DirectX12Leaning\DirectXTex\Bin\Desktop_2019_Win10\x64\Release\DirectXTex.lib
